In file included from [01m[K/home/lulav/ros2_ws/src/mydiffbot/hardware/diffbot_system.cpp:15[m[K:
[01m[K/home/lulav/ros2_ws/src/mydiffbot/hardware/include/diffbot_system.hpp:33:10:[m[K [01;31m[Kfatal error: [m[Kros2_control_demo_mydiffbot/visibility_control.h: No such file or directory
   33 | #include [01;31m[K"ros2_control_demo_mydiffbot/visibility_control.h"[m[K
      |          [01;31m[K^~~~~~~~~~~~~~~~~~~~~~~~~~~~~~~~~~~~~~~~~~~~~~~~~~[m[K
compilation terminated.
gmake[2]: *** [CMakeFiles/ros2_control_demo_mydiffbot.dir/build.make:76: CMakeFiles/ros2_control_demo_mydiffbot.dir/hardware/diffbot_system.cpp.o] Error 1
gmake[1]: *** [CMakeFiles/Makefile2:137: CMakeFiles/ros2_control_demo_mydiffbot.dir/all] Error 2
gmake: *** [Makefile:146: all] Error 2
