[0.153s] Invoking command in '/home/lulav/ros2_ws/build/ros2_control_demo_mydiffbot': AMENT_PREFIX_PATH=/home/lulav/ros2_ws/install/ros2controlcli:/home/lulav/ros2_ws/install/joint_state_broadcaster:/home/lulav/ros2_ws/install/diff_drive_controller:/home/lulav/ros2_ws/install/controller_manager:/home/lulav/ros2_ws/install/controller_interface:/home/lulav/ros2_ws/install/hardware_interface:/home/lulav/ros2_ws/install/ros2_controllers_test_nodes:/home/lulav/ros2_ws/install/ros2_control_test_assets:/home/lulav/ros2_ws/install/realtime_tools:/home/lulav/ros2_ws/install/controller_manager_msgs:/home/lulav/ros2_ws/install/control_msgs:${AMENT_PREFIX_PATH} CMAKE_PREFIX_PATH=/home/lulav/ros2_ws/install/joint_state_broadcaster:/home/lulav/ros2_ws/install/diff_drive_controller:/home/lulav/ros2_ws/install/controller_manager:/home/lulav/ros2_ws/install/controller_interface:/home/lulav/ros2_ws/install/hardware_interface:/home/lulav/ros2_ws/install/ros2_control_test_assets:/home/lulav/ros2_ws/install/realtime_tools:/home/lulav/ros2_ws/install/controller_manager_msgs:/home/lulav/ros2_ws/install/control_msgs:/opt/ros/humble LD_LIBRARY_PATH=/home/lulav/ros2_ws/install/joint_state_broadcaster/lib:/home/lulav/ros2_ws/install/diff_drive_controller/lib:/home/lulav/ros2_ws/install/controller_manager/lib:/home/lulav/ros2_ws/install/controller_interface/lib:/home/lulav/ros2_ws/install/hardware_interface/lib:/home/lulav/ros2_ws/install/realtime_tools/lib:/home/lulav/ros2_ws/install/controller_manager_msgs/lib:/home/lulav/ros2_ws/install/control_msgs/lib:${LD_LIBRARY_PATH} PYTHONPATH=/home/lulav/ros2_ws/build/ros2controlcli:/home/lulav/ros2_ws/install/ros2controlcli/lib/python3.10/site-packages:/home/lulav/ros2_ws/install/controller_manager/local/lib/python3.10/dist-packages:/home/lulav/ros2_ws/build/ros2_controllers_test_nodes:/home/lulav/ros2_ws/install/ros2_controllers_test_nodes/lib/python3.10/site-packages:/home/lulav/ros2_ws/install/controller_manager_msgs/local/lib/python3.10/dist-packages:/home/lulav/ros2_ws/install/control_msgs/local/lib/python3.10/dist-packages:${PYTHONPATH} /usr/bin/cmake --build /home/lulav/ros2_ws/build/ros2_control_demo_mydiffbot -- -j8 -l8
[0.313s] [ 50%] [32mBuilding CXX object CMakeFiles/ros2_control_demo_mydiffbot.dir/hardware/diffbot_system.cpp.o[0m
[0.666s] In file included from [01m[K/home/lulav/ros2_ws/src/mydiffbot/hardware/diffbot_system.cpp:15[m[K:
[0.667s] [01m[K/home/lulav/ros2_ws/src/mydiffbot/hardware/include/diffbot_system.hpp:33:10:[m[K [01;31m[Kfatal error: [m[Kros2_control_demo_example_2/visibility_control.h: No such file or directory
[0.667s]    33 | #include [01;31m[K"ros2_control_demo_example_2/visibility_control.h"[m[K
[0.667s]       |          [01;31m[K^~~~~~~~~~~~~~~~~~~~~~~~~~~~~~~~~~~~~~~~~~~~~~~~~~[m[K
[0.667s] compilation terminated.
[0.672s] gmake[2]: *** [CMakeFiles/ros2_control_demo_mydiffbot.dir/build.make:76: CMakeFiles/ros2_control_demo_mydiffbot.dir/hardware/diffbot_system.cpp.o] Error 1
[0.672s] gmake[1]: *** [CMakeFiles/Makefile2:137: CMakeFiles/ros2_control_demo_mydiffbot.dir/all] Error 2
[0.673s] gmake: *** [Makefile:146: all] Error 2
[0.678s] Invoked command in '/home/lulav/ros2_ws/build/ros2_control_demo_mydiffbot' returned '2': AMENT_PREFIX_PATH=/home/lulav/ros2_ws/install/ros2controlcli:/home/lulav/ros2_ws/install/joint_state_broadcaster:/home/lulav/ros2_ws/install/diff_drive_controller:/home/lulav/ros2_ws/install/controller_manager:/home/lulav/ros2_ws/install/controller_interface:/home/lulav/ros2_ws/install/hardware_interface:/home/lulav/ros2_ws/install/ros2_controllers_test_nodes:/home/lulav/ros2_ws/install/ros2_control_test_assets:/home/lulav/ros2_ws/install/realtime_tools:/home/lulav/ros2_ws/install/controller_manager_msgs:/home/lulav/ros2_ws/install/control_msgs:${AMENT_PREFIX_PATH} CMAKE_PREFIX_PATH=/home/lulav/ros2_ws/install/joint_state_broadcaster:/home/lulav/ros2_ws/install/diff_drive_controller:/home/lulav/ros2_ws/install/controller_manager:/home/lulav/ros2_ws/install/controller_interface:/home/lulav/ros2_ws/install/hardware_interface:/home/lulav/ros2_ws/install/ros2_control_test_assets:/home/lulav/ros2_ws/install/realtime_tools:/home/lulav/ros2_ws/install/controller_manager_msgs:/home/lulav/ros2_ws/install/control_msgs:/opt/ros/humble LD_LIBRARY_PATH=/home/lulav/ros2_ws/install/joint_state_broadcaster/lib:/home/lulav/ros2_ws/install/diff_drive_controller/lib:/home/lulav/ros2_ws/install/controller_manager/lib:/home/lulav/ros2_ws/install/controller_interface/lib:/home/lulav/ros2_ws/install/hardware_interface/lib:/home/lulav/ros2_ws/install/realtime_tools/lib:/home/lulav/ros2_ws/install/controller_manager_msgs/lib:/home/lulav/ros2_ws/install/control_msgs/lib:${LD_LIBRARY_PATH} PYTHONPATH=/home/lulav/ros2_ws/build/ros2controlcli:/home/lulav/ros2_ws/install/ros2controlcli/lib/python3.10/site-packages:/home/lulav/ros2_ws/install/controller_manager/local/lib/python3.10/dist-packages:/home/lulav/ros2_ws/build/ros2_controllers_test_nodes:/home/lulav/ros2_ws/install/ros2_controllers_test_nodes/lib/python3.10/site-packages:/home/lulav/ros2_ws/install/controller_manager_msgs/local/lib/python3.10/dist-packages:/home/lulav/ros2_ws/install/control_msgs/local/lib/python3.10/dist-packages:${PYTHONPATH} /usr/bin/cmake --build /home/lulav/ros2_ws/build/ros2_control_demo_mydiffbot -- -j8 -l8
