[0.261s] Invoking command in '/home/lulav/ros2_ws/build/ros2_control_demo_mydiffbot': AMENT_PREFIX_PATH=/home/lulav/ros2_ws/install/ros2controlcli:/home/lulav/ros2_ws/install/joint_state_broadcaster:/home/lulav/ros2_ws/install/diff_drive_controller:/home/lulav/ros2_ws/install/controller_manager:/home/lulav/ros2_ws/install/controller_interface:/home/lulav/ros2_ws/install/hardware_interface:/home/lulav/ros2_ws/install/ros2_controllers_test_nodes:/home/lulav/ros2_ws/install/ros2_control_test_assets:/home/lulav/ros2_ws/install/realtime_tools:/home/lulav/ros2_ws/install/controller_manager_msgs:/home/lulav/ros2_ws/install/control_msgs:${AMENT_PREFIX_PATH} CMAKE_PREFIX_PATH=/home/lulav/ros2_ws/install/joint_state_broadcaster:/home/lulav/ros2_ws/install/diff_drive_controller:/home/lulav/ros2_ws/install/controller_manager:/home/lulav/ros2_ws/install/controller_interface:/home/lulav/ros2_ws/install/hardware_interface:/home/lulav/ros2_ws/install/ros2_control_test_assets:/home/lulav/ros2_ws/install/realtime_tools:/home/lulav/ros2_ws/install/controller_manager_msgs:/home/lulav/ros2_ws/install/control_msgs:/opt/ros/humble LD_LIBRARY_PATH=/home/lulav/ros2_ws/install/joint_state_broadcaster/lib:/home/lulav/ros2_ws/install/diff_drive_controller/lib:/home/lulav/ros2_ws/install/controller_manager/lib:/home/lulav/ros2_ws/install/controller_interface/lib:/home/lulav/ros2_ws/install/hardware_interface/lib:/home/lulav/ros2_ws/install/realtime_tools/lib:/home/lulav/ros2_ws/install/controller_manager_msgs/lib:/home/lulav/ros2_ws/install/control_msgs/lib:${LD_LIBRARY_PATH} PYTHONPATH=/home/lulav/ros2_ws/build/ros2controlcli:/home/lulav/ros2_ws/install/ros2controlcli/lib/python3.10/site-packages:/home/lulav/ros2_ws/install/controller_manager/local/lib/python3.10/dist-packages:/home/lulav/ros2_ws/build/ros2_controllers_test_nodes:/home/lulav/ros2_ws/install/ros2_controllers_test_nodes/lib/python3.10/site-packages:/home/lulav/ros2_ws/install/controller_manager_msgs/local/lib/python3.10/dist-packages:/home/lulav/ros2_ws/install/control_msgs/local/lib/python3.10/dist-packages:${PYTHONPATH} /usr/bin/cmake /home/lulav/ros2_ws/src/mydiffbot -DAMENT_CMAKE_SYMLINK_INSTALL=1 -DCMAKE_INSTALL_PREFIX=/home/lulav/ros2_ws/install/ros2_control_demo_mydiffbot
[5.156s] -- The CXX compiler identification is GNU 11.4.0
[5.156s] -- Detecting CXX compiler ABI info
[5.156s] -- Detecting CXX compiler ABI info - done
[5.156s] -- Check for working CXX compiler: /usr/bin/c++ - skipped
[5.157s] -- Detecting CXX compile features
[5.157s] -- Detecting CXX compile features - done
[5.157s] -- Found ament_cmake: 1.3.5 (/opt/ros/humble/share/ament_cmake/cmake)
[5.157s] -- Found Python3: /usr/bin/python3.10 (found version "3.10.12") found components: Interpreter 
[5.157s] -- Override CMake install command with custom implementation using symlinks instead of copying resources
[5.157s] -- Found hardware_interface: 2.29.0 (/home/lulav/ros2_ws/install/hardware_interface/share/hardware_interface/cmake)
[5.158s] -- Found rosidl_generator_c: 3.1.5 (/opt/ros/humble/share/rosidl_generator_c/cmake)
[5.158s] -- Found rosidl_adapter: 3.1.5 (/opt/ros/humble/share/rosidl_adapter/cmake)
[5.158s] -- Found rosidl_generator_cpp: 3.1.5 (/opt/ros/humble/share/rosidl_generator_cpp/cmake)
[5.158s] -- Using all available rosidl_typesupport_c: rosidl_typesupport_fastrtps_c;rosidl_typesupport_introspection_c
[5.158s] -- Using all available rosidl_typesupport_cpp: rosidl_typesupport_fastrtps_cpp;rosidl_typesupport_introspection_cpp
[5.886s] -- Found rmw_implementation_cmake: 6.1.1 (/opt/ros/humble/share/rmw_implementation_cmake/cmake)
[5.897s] -- Found rmw_fastrtps_cpp: 6.2.3 (/opt/ros/humble/share/rmw_fastrtps_cpp/cmake)
[6.347s] -- Found OpenSSL: /usr/lib/x86_64-linux-gnu/libcrypto.so (found version "3.0.2")  
[6.447s] -- Found FastRTPS: /opt/ros/humble/include  
[6.686s] -- Using RMW implementation 'rmw_fastrtps_cpp' as default
[6.735s] -- Looking for C++ include pthread.h
[7.094s] -- Looking for C++ include pthread.h - found
[7.095s] -- Performing Test CMAKE_HAVE_LIBC_PTHREAD
[7.507s] -- Performing Test CMAKE_HAVE_LIBC_PTHREAD - Success
[7.513s] -- Found Threads: TRUE  
[8.457s] -- Found ament_cmake_gtest: 1.3.5 (/opt/ros/humble/share/ament_cmake_gtest/cmake)
[8.845s] -- Configuring done
[8.971s] -- Generating done
[8.999s] -- Build files have been written to: /home/lulav/ros2_ws/build/ros2_control_demo_mydiffbot
[9.055s] Invoked command in '/home/lulav/ros2_ws/build/ros2_control_demo_mydiffbot' returned '0': AMENT_PREFIX_PATH=/home/lulav/ros2_ws/install/ros2controlcli:/home/lulav/ros2_ws/install/joint_state_broadcaster:/home/lulav/ros2_ws/install/diff_drive_controller:/home/lulav/ros2_ws/install/controller_manager:/home/lulav/ros2_ws/install/controller_interface:/home/lulav/ros2_ws/install/hardware_interface:/home/lulav/ros2_ws/install/ros2_controllers_test_nodes:/home/lulav/ros2_ws/install/ros2_control_test_assets:/home/lulav/ros2_ws/install/realtime_tools:/home/lulav/ros2_ws/install/controller_manager_msgs:/home/lulav/ros2_ws/install/control_msgs:${AMENT_PREFIX_PATH} CMAKE_PREFIX_PATH=/home/lulav/ros2_ws/install/joint_state_broadcaster:/home/lulav/ros2_ws/install/diff_drive_controller:/home/lulav/ros2_ws/install/controller_manager:/home/lulav/ros2_ws/install/controller_interface:/home/lulav/ros2_ws/install/hardware_interface:/home/lulav/ros2_ws/install/ros2_control_test_assets:/home/lulav/ros2_ws/install/realtime_tools:/home/lulav/ros2_ws/install/controller_manager_msgs:/home/lulav/ros2_ws/install/control_msgs:/opt/ros/humble LD_LIBRARY_PATH=/home/lulav/ros2_ws/install/joint_state_broadcaster/lib:/home/lulav/ros2_ws/install/diff_drive_controller/lib:/home/lulav/ros2_ws/install/controller_manager/lib:/home/lulav/ros2_ws/install/controller_interface/lib:/home/lulav/ros2_ws/install/hardware_interface/lib:/home/lulav/ros2_ws/install/realtime_tools/lib:/home/lulav/ros2_ws/install/controller_manager_msgs/lib:/home/lulav/ros2_ws/install/control_msgs/lib:${LD_LIBRARY_PATH} PYTHONPATH=/home/lulav/ros2_ws/build/ros2controlcli:/home/lulav/ros2_ws/install/ros2controlcli/lib/python3.10/site-packages:/home/lulav/ros2_ws/install/controller_manager/local/lib/python3.10/dist-packages:/home/lulav/ros2_ws/build/ros2_controllers_test_nodes:/home/lulav/ros2_ws/install/ros2_controllers_test_nodes/lib/python3.10/site-packages:/home/lulav/ros2_ws/install/controller_manager_msgs/local/lib/python3.10/dist-packages:/home/lulav/ros2_ws/install/control_msgs/local/lib/python3.10/dist-packages:${PYTHONPATH} /usr/bin/cmake /home/lulav/ros2_ws/src/mydiffbot -DAMENT_CMAKE_SYMLINK_INSTALL=1 -DCMAKE_INSTALL_PREFIX=/home/lulav/ros2_ws/install/ros2_control_demo_mydiffbot
[9.056s] Invoking command in '/home/lulav/ros2_ws/build/ros2_control_demo_mydiffbot': AMENT_PREFIX_PATH=/home/lulav/ros2_ws/install/ros2controlcli:/home/lulav/ros2_ws/install/joint_state_broadcaster:/home/lulav/ros2_ws/install/diff_drive_controller:/home/lulav/ros2_ws/install/controller_manager:/home/lulav/ros2_ws/install/controller_interface:/home/lulav/ros2_ws/install/hardware_interface:/home/lulav/ros2_ws/install/ros2_controllers_test_nodes:/home/lulav/ros2_ws/install/ros2_control_test_assets:/home/lulav/ros2_ws/install/realtime_tools:/home/lulav/ros2_ws/install/controller_manager_msgs:/home/lulav/ros2_ws/install/control_msgs:${AMENT_PREFIX_PATH} CMAKE_PREFIX_PATH=/home/lulav/ros2_ws/install/joint_state_broadcaster:/home/lulav/ros2_ws/install/diff_drive_controller:/home/lulav/ros2_ws/install/controller_manager:/home/lulav/ros2_ws/install/controller_interface:/home/lulav/ros2_ws/install/hardware_interface:/home/lulav/ros2_ws/install/ros2_control_test_assets:/home/lulav/ros2_ws/install/realtime_tools:/home/lulav/ros2_ws/install/controller_manager_msgs:/home/lulav/ros2_ws/install/control_msgs:/opt/ros/humble LD_LIBRARY_PATH=/home/lulav/ros2_ws/install/joint_state_broadcaster/lib:/home/lulav/ros2_ws/install/diff_drive_controller/lib:/home/lulav/ros2_ws/install/controller_manager/lib:/home/lulav/ros2_ws/install/controller_interface/lib:/home/lulav/ros2_ws/install/hardware_interface/lib:/home/lulav/ros2_ws/install/realtime_tools/lib:/home/lulav/ros2_ws/install/controller_manager_msgs/lib:/home/lulav/ros2_ws/install/control_msgs/lib:${LD_LIBRARY_PATH} PYTHONPATH=/home/lulav/ros2_ws/build/ros2controlcli:/home/lulav/ros2_ws/install/ros2controlcli/lib/python3.10/site-packages:/home/lulav/ros2_ws/install/controller_manager/local/lib/python3.10/dist-packages:/home/lulav/ros2_ws/build/ros2_controllers_test_nodes:/home/lulav/ros2_ws/install/ros2_controllers_test_nodes/lib/python3.10/site-packages:/home/lulav/ros2_ws/install/controller_manager_msgs/local/lib/python3.10/dist-packages:/home/lulav/ros2_ws/install/control_msgs/local/lib/python3.10/dist-packages:${PYTHONPATH} /usr/bin/cmake --build /home/lulav/ros2_ws/build/ros2_control_demo_mydiffbot -- -j8 -l8
[9.335s] [ 50%] [32mBuilding CXX object CMakeFiles/ros2_control_demo_mydiffbot.dir/hardware/diffbot_system.cpp.o[0m
[10.019s] In file included from [01m[K/home/lulav/ros2_ws/src/mydiffbot/hardware/diffbot_system.cpp:15[m[K:
[10.020s] [01m[K/home/lulav/ros2_ws/src/mydiffbot/hardware/ros2_control_demo_example_2/diffbot_system.hpp:33:10:[m[K [01;31m[Kfatal error: [m[Kros2_control_demo_example_2/visibility_control.h: No such file or directory
[10.020s]    33 | #include [01;31m[K"ros2_control_demo_example_2/visibility_control.h"[m[K
[10.020s]       |          [01;31m[K^~~~~~~~~~~~~~~~~~~~~~~~~~~~~~~~~~~~~~~~~~~~~~~~~~[m[K
[10.020s] compilation terminated.
[10.026s] gmake[2]: *** [CMakeFiles/ros2_control_demo_mydiffbot.dir/build.make:76: CMakeFiles/ros2_control_demo_mydiffbot.dir/hardware/diffbot_system.cpp.o] Error 1
[10.027s] gmake[1]: *** [CMakeFiles/Makefile2:137: CMakeFiles/ros2_control_demo_mydiffbot.dir/all] Error 2
[10.027s] gmake: *** [Makefile:146: all] Error 2
[10.036s] Invoked command in '/home/lulav/ros2_ws/build/ros2_control_demo_mydiffbot' returned '2': AMENT_PREFIX_PATH=/home/lulav/ros2_ws/install/ros2controlcli:/home/lulav/ros2_ws/install/joint_state_broadcaster:/home/lulav/ros2_ws/install/diff_drive_controller:/home/lulav/ros2_ws/install/controller_manager:/home/lulav/ros2_ws/install/controller_interface:/home/lulav/ros2_ws/install/hardware_interface:/home/lulav/ros2_ws/install/ros2_controllers_test_nodes:/home/lulav/ros2_ws/install/ros2_control_test_assets:/home/lulav/ros2_ws/install/realtime_tools:/home/lulav/ros2_ws/install/controller_manager_msgs:/home/lulav/ros2_ws/install/control_msgs:${AMENT_PREFIX_PATH} CMAKE_PREFIX_PATH=/home/lulav/ros2_ws/install/joint_state_broadcaster:/home/lulav/ros2_ws/install/diff_drive_controller:/home/lulav/ros2_ws/install/controller_manager:/home/lulav/ros2_ws/install/controller_interface:/home/lulav/ros2_ws/install/hardware_interface:/home/lulav/ros2_ws/install/ros2_control_test_assets:/home/lulav/ros2_ws/install/realtime_tools:/home/lulav/ros2_ws/install/controller_manager_msgs:/home/lulav/ros2_ws/install/control_msgs:/opt/ros/humble LD_LIBRARY_PATH=/home/lulav/ros2_ws/install/joint_state_broadcaster/lib:/home/lulav/ros2_ws/install/diff_drive_controller/lib:/home/lulav/ros2_ws/install/controller_manager/lib:/home/lulav/ros2_ws/install/controller_interface/lib:/home/lulav/ros2_ws/install/hardware_interface/lib:/home/lulav/ros2_ws/install/realtime_tools/lib:/home/lulav/ros2_ws/install/controller_manager_msgs/lib:/home/lulav/ros2_ws/install/control_msgs/lib:${LD_LIBRARY_PATH} PYTHONPATH=/home/lulav/ros2_ws/build/ros2controlcli:/home/lulav/ros2_ws/install/ros2controlcli/lib/python3.10/site-packages:/home/lulav/ros2_ws/install/controller_manager/local/lib/python3.10/dist-packages:/home/lulav/ros2_ws/build/ros2_controllers_test_nodes:/home/lulav/ros2_ws/install/ros2_controllers_test_nodes/lib/python3.10/site-packages:/home/lulav/ros2_ws/install/controller_manager_msgs/local/lib/python3.10/dist-packages:/home/lulav/ros2_ws/install/control_msgs/local/lib/python3.10/dist-packages:${PYTHONPATH} /usr/bin/cmake --build /home/lulav/ros2_ws/build/ros2_control_demo_mydiffbot -- -j8 -l8
